<?xml version="1.0" encoding="UTF-8"?>
<!-- Generated by org.testng.reporters.JUnitReportReporter -->
<testsuite hostname="DESKTOP-JHF2A3L" failures="0" tests="3" name="TestMLFlow" time="6.155" errors="0" timestamp="2022-03-09T19:40:14 SGT" skipped="0">
  <testcase classname="TestMLFlow" name="Test_2_getExperiment" time="0.286"/>
  <system-out>
    <![CDATA[ Test 2 - Get one specific experiment.
Status code is 200.
The experiment id 36 is correct.
The experiment name DemoAPITest-1646826008066 is correct.
The experiment is got and passed verification.]]>
  </system-out>
  <testcase classname="TestMLFlow" name="Test_1_createExperiment" time="5.452"/>
  <system-out>
    <![CDATA[ Test 1 - Create one experiment.
Status code is 200.
The experiment id 36 returned.
The experiment:DemoAPITest-1646826008066 created successfully.]]>
  </system-out>
  <testcase classname="TestMLFlow" name="Test_3_getAllExperiments" time="0.417"/>
  <system-out>
    <![CDATA[ Test 3 - Get all of experiments.
[Default, DemoAPITest1646361571688, DemoAPITest-1646823984994, DemoAPITest-1646826008066]
All experiments got and passed verification.]]>
  </system-out>
</testsuite> <!-- TestMLFlow -->
