<?xml version="1.0" encoding="UTF-8"?>
<!-- Generated by org.testng.reporters.JUnitReportReporter -->
<testsuite hostname="DESKTOP-JHF2A3L" failures="0" tests="3" name="TestMLFlow" time="4.420" errors="0" timestamp="2022-04-08T13:28:25 SGT" skipped="0">
  <testcase classname="TestMLFlow" name="Test_3_getAllExperiments" time="0.235"/>
  <system-out>
    <![CDATA[ Test 3 - Get all of experiments.
[Default, DemoAPITest1646361571688, DemoAPITest-1647331019361, DemoAPITest-1649391067092, DemoAPITest-1649392534162, DemoAPITest-1649395528214, DemoAPITest-1649395547333, DemoAPITest-1649395700777]
All experiments got and passed verification.]]>
  </system-out>
  <testcase classname="TestMLFlow" name="Test_1_createExperiment" time="3.912"/>
  <system-out>
    <![CDATA[ Test 1 - Create one experiment.
Status code is 200.
The experiment id 71 returned.
The experiment:DemoAPITest-1649395700777 created successfully.]]>
  </system-out>
  <testcase classname="TestMLFlow" name="Test_2_getExperiment" time="0.273"/>
  <system-out>
    <![CDATA[ Test 2 - Get one specific experiment.
Status code is 200.
The experiment id 71 is correct.
The experiment name DemoAPITest-1649395700777 is correct.
The experiment is got and passed verification.]]>
  </system-out>
</testsuite> <!-- TestMLFlow -->
